2025-09-07 19:23:15.272  - [32minfo[39m: daikin.0 (3609) starting. Version 1.5.1 in /home/runner/work/ioBroker.daikin/ioBroker.daikin/tmp/node_modules/iobroker.daikin, node: v20.19.4, js-controller: 7.0.8-alpha.4-20250907-3daa8532c
2025-09-07 19:23:15.307  - [34mdebug[39m: daikin.0 (3609) Call GET http://127.0.0.1:8080/common/basic_info with {}
2025-09-07 19:23:15.317  - [34mdebug[39m: daikin.0 (3609) {"type":"aircon","region":"eu","dst":true,"adapterVersion":"2_6_0","power":false,"location":0,"name":"Klima Jana","icon":0,"method":"home only","port":30050,"id":"","password":"","lpwFlag":0,"pv":0,"cpv":0,"cpvMinor":0,"led":false,"enSetzone":1,"macAddress":"A408EACC91D4","adapterMode":"run","error":0,"enHol":0,"enGroup":1,"groupName":"Kinder","adapterKind":2}
2025-09-07 19:23:15.318  - [34mdebug[39m: daikin.0 (3609) Call GET http://127.0.0.1:8080/aircon/get_model_info with {}
2025-09-07 19:23:15.320  - [34mdebug[39m: daikin.0 (3609) {"model":"NOTSUPPORT","type":"N","pv":0,"cpv":0,"mid":"NA","sFanDirection":1,"enScdltmr":1}
2025-09-07 19:23:15.321  - [32minfo[39m: daikin.0 (3609) Daikin Device initialized successfully
2025-09-07 19:23:15.321  - [32minfo[39m: daikin.0 (3609) Set polling Intervall to 60s
2025-09-07 19:23:15.321  - [34mdebug[39m: daikin.0 (3609) Call GET http://127.0.0.1:8080/aircon/get_control_info with {}
2025-09-07 19:23:15.324  - [34mdebug[39m: daikin.0 (3609) {"power":false,"mode":2,"targetTemperature":23,"targetHumidity":0,"fanRate":"A","fanDirection":0,"specialMode":"2/13","targetTemperatureMode1":25,"targetTemperatureMode2":"M","targetTemperatureMode3":23,"targetTemperatureMode4":27,"targetTemperatureMode5":27,"targetTemperatureMode7":25,"targetHumidityMode1":"AUTO","targetHumidityMode2":50,"targetHumidityMode3":0,"targetHumidityMode4":0,"targetHumidityMode5":0,"targetHumidityMode7":"AUTO","targetHumidityModeH":50,"fanRateMode1":5,"fanRateMode2":5,"fanRateMode3":"A","fanRateMode4":5,"fanRateMode5":5,"fanRateMode6":5,"fanRateMode7":5,"fanRateModeH":5,"fanDirectionMode1":0,"fanDirectionMode2":0,"fanDirectionMode3":0,"fanDirectionMode4":0,"fanDirectionMode5":0,"fanDirectionMode6":0,"fanDirectionMode7":0,"fanDirectionModeH":0,"modeB":3,"targetTemperatureB":23,"targetHumidityB":0,"fanRateB":"A","fanDirectionB":0,"error":255}
2025-09-07 19:23:15.324  - [34mdebug[39m: daikin.0 (3609) Call GET http://127.0.0.1:8080/aircon/get_sensor_info with {}
2025-09-07 19:23:15.326  - [34mdebug[39m: daikin.0 (3609) {"indoorTemperature":23.5,"indoorHumidity":null,"outdoorTemperature":null,"error":0,"cmpfreq":0}
2025-09-07 19:23:15.326  - [34mdebug[39m: daikin.0 (3609) Call GET http://127.0.0.1:8080/aircon/get_demand_control with {}
2025-09-07 19:23:15.328  - [34mdebug[39m: daikin.0 (3609) null
2025-09-07 19:23:15.328  - [34mdebug[39m: daikin.0 (3609) Demand control support is not working
2025-09-07 19:23:15.328  - [34mdebug[39m: daikin.0 (3609) start update timeout
2025-09-07 19:23:15.328  - [34mdebug[39m: daikin.0 (3609) Ignore getACDemandControl error: {}
2025-09-07 19:23:15.329  - [34mdebug[39m: daikin.0 (3609) HandleDaikinUpdate for deviceInfo with {"type":"aircon","region":"eu","dst":true,"adapterVersion":"2_6_0","location":0,"name":"Klima Jana","icon":0,"method":"home only","port":30050,"id":"","password":"","lpwFlag":0,"pv":0,"cpv":0,"cpvMinor":0,"led":false,"enSetzone":1,"macAddress":"A408EACC91D4","adapterMode":"run","error":0,"enHol":0,"enGroup":1,"groupName":"Kinder","adapterKind":2}
2025-09-07 19:23:15.329  - [34mdebug[39m: daikin.0 (3609) Create Channel deviceInfo
2025-09-07 19:23:15.332  - [34mdebug[39m: daikin.0 (3609) connected set to true
2025-09-07 19:23:15.332  - [34mdebug[39m: daikin.0 (3609) Create State deviceInfo.type
2025-09-07 19:23:15.334  - [34mdebug[39m: daikin.0 (3609) Old value deviceInfo.type: old=undefined, new=aircon
2025-09-07 19:23:15.334  - [34mdebug[39m: daikin.0 (3609) Set State deviceInfo.type: aircon
2025-09-07 19:23:15.335  - [34mdebug[39m: daikin.0 (3609) connected set to true
2025-09-07 19:23:15.377  - [34mdebug[39m: daikin.0 (3609) Create State deviceInfo.region
2025-09-07 19:23:15.379  - [34mdebug[39m: daikin.0 (3609) Old value deviceInfo.region: old=undefined, new=eu
2025-09-07 19:23:15.379  - [34mdebug[39m: daikin.0 (3609) Set State deviceInfo.region: eu
2025-09-07 19:23:15.380  - [34mdebug[39m: daikin.0 (3609) Create State deviceInfo.dst
2025-09-07 19:23:15.382  - [34mdebug[39m: daikin.0 (3609) Old value deviceInfo.dst: old=undefined, new=true
2025-09-07 19:23:15.382  - [34mdebug[39m: daikin.0 (3609) Set State deviceInfo.dst: true
2025-09-07 19:23:15.384  - [34mdebug[39m: daikin.0 (3609) Create State deviceInfo.adapterVersion
2025-09-07 19:23:15.386  - [34mdebug[39m: daikin.0 (3609) Old value deviceInfo.adapterVersion: old=undefined, new=2_6_0
2025-09-07 19:23:15.386  - [34mdebug[39m: daikin.0 (3609) Set State deviceInfo.adapterVersion: 2_6_0
2025-09-07 19:23:15.388  - [34mdebug[39m: daikin.0 (3609) Create State deviceInfo.location
2025-09-07 19:23:15.390  - [34mdebug[39m: daikin.0 (3609) Old value deviceInfo.location: old=undefined, new=0
2025-09-07 19:23:15.390  - [34mdebug[39m: daikin.0 (3609) Set State deviceInfo.location: 0
2025-09-07 19:23:15.392  - [34mdebug[39m: daikin.0 (3609) Create State deviceInfo.name
2025-09-07 19:23:15.393  - [34mdebug[39m: daikin.0 (3609) Old value deviceInfo.name: old=undefined, new=Klima Jana
2025-09-07 19:23:15.393  - [34mdebug[39m: daikin.0 (3609) Set State deviceInfo.name: Klima Jana
2025-09-07 19:23:15.395  - [34mdebug[39m: daikin.0 (3609) Create State deviceInfo.icon
2025-09-07 19:23:15.397  - [34mdebug[39m: daikin.0 (3609) Old value deviceInfo.icon: old=undefined, new=0
2025-09-07 19:23:15.397  - [34mdebug[39m: daikin.0 (3609) Set State deviceInfo.icon: 0
2025-09-07 19:23:15.399  - [34mdebug[39m: daikin.0 (3609) Create State deviceInfo.method
2025-09-07 19:23:15.400  - [34mdebug[39m: daikin.0 (3609) Old value deviceInfo.method: old=undefined, new=home only
2025-09-07 19:23:15.401  - [34mdebug[39m: daikin.0 (3609) Set State deviceInfo.method: home only
2025-09-07 19:23:15.402  - [34mdebug[39m: daikin.0 (3609) Create State deviceInfo.port
2025-09-07 19:23:15.404  - [34mdebug[39m: daikin.0 (3609) Old value deviceInfo.port: old=undefined, new=30050
2025-09-07 19:23:15.404  - [34mdebug[39m: daikin.0 (3609) Set State deviceInfo.port: 30050
2025-09-07 19:23:15.406  - [34mdebug[39m: daikin.0 (3609) Create State deviceInfo.id
2025-09-07 19:23:15.407  - [34mdebug[39m: daikin.0 (3609) Old value deviceInfo.id: old=undefined, new=
2025-09-07 19:23:15.407  - [34mdebug[39m: daikin.0 (3609) Set State deviceInfo.id: 
2025-09-07 19:23:15.409  - [34mdebug[39m: daikin.0 (3609) Create State deviceInfo.password
2025-09-07 19:23:15.411  - [34mdebug[39m: daikin.0 (3609) Old value deviceInfo.password: old=undefined, new=
2025-09-07 19:23:15.411  - [34mdebug[39m: daikin.0 (3609) Set State deviceInfo.password: 
2025-09-07 19:23:15.413  - [34mdebug[39m: daikin.0 (3609) Create State deviceInfo.lpwFlag
2025-09-07 19:23:15.414  - [34mdebug[39m: daikin.0 (3609) Old value deviceInfo.lpwFlag: old=undefined, new=0
2025-09-07 19:23:15.414  - [34mdebug[39m: daikin.0 (3609) Set State deviceInfo.lpwFlag: 0
2025-09-07 19:23:15.416  - [34mdebug[39m: daikin.0 (3609) Create State deviceInfo.pv
2025-09-07 19:23:15.418  - [34mdebug[39m: daikin.0 (3609) Old value deviceInfo.pv: old=undefined, new=0
2025-09-07 19:23:15.418  - [34mdebug[39m: daikin.0 (3609) Set State deviceInfo.pv: 0
2025-09-07 19:23:15.420  - [34mdebug[39m: daikin.0 (3609) Create State deviceInfo.cpv
2025-09-07 19:23:15.421  - [34mdebug[39m: daikin.0 (3609) Old value deviceInfo.cpv: old=undefined, new=0
2025-09-07 19:23:15.421  - [34mdebug[39m: daikin.0 (3609) Set State deviceInfo.cpv: 0
2025-09-07 19:23:15.423  - [34mdebug[39m: daikin.0 (3609) Create State deviceInfo.cpvMinor
2025-09-07 19:23:15.424  - [34mdebug[39m: daikin.0 (3609) Old value deviceInfo.cpvMinor: old=undefined, new=0
2025-09-07 19:23:15.425  - [34mdebug[39m: daikin.0 (3609) Set State deviceInfo.cpvMinor: 0
2025-09-07 19:23:15.426  - [34mdebug[39m: daikin.0 (3609) Create State deviceInfo.led
2025-09-07 19:23:15.428  - [34mdebug[39m: daikin.0 (3609) Old value deviceInfo.led: old=undefined, new=false
2025-09-07 19:23:15.428  - [34mdebug[39m: daikin.0 (3609) Set State deviceInfo.led: false
2025-09-07 19:23:15.430  - [34mdebug[39m: daikin.0 (3609) Create State deviceInfo.enSetzone
2025-09-07 19:23:15.432  - [34mdebug[39m: daikin.0 (3609) Old value deviceInfo.enSetzone: old=undefined, new=1
2025-09-07 19:23:15.432  - [34mdebug[39m: daikin.0 (3609) Set State deviceInfo.enSetzone: 1
2025-09-07 19:23:15.434  - [34mdebug[39m: daikin.0 (3609) Create State deviceInfo.macAddress
2025-09-07 19:23:15.435  - [34mdebug[39m: daikin.0 (3609) Old value deviceInfo.macAddress: old=undefined, new=A408EACC91D4
2025-09-07 19:23:15.435  - [34mdebug[39m: daikin.0 (3609) Set State deviceInfo.macAddress: A408EACC91D4
2025-09-07 19:23:15.437  - [34mdebug[39m: daikin.0 (3609) Create State deviceInfo.adapterMode
2025-09-07 19:23:15.439  - [34mdebug[39m: daikin.0 (3609) Old value deviceInfo.adapterMode: old=undefined, new=run
2025-09-07 19:23:15.439  - [34mdebug[39m: daikin.0 (3609) Set State deviceInfo.adapterMode: run
2025-09-07 19:23:15.441  - [34mdebug[39m: daikin.0 (3609) Create State deviceInfo.error
2025-09-07 19:23:15.442  - [34mdebug[39m: daikin.0 (3609) Old value deviceInfo.error: old=undefined, new=0
2025-09-07 19:23:15.442  - [34mdebug[39m: daikin.0 (3609) Set State deviceInfo.error: 0
2025-09-07 19:23:15.444  - [34mdebug[39m: daikin.0 (3609) Create State deviceInfo.enHol
2025-09-07 19:23:15.446  - [34mdebug[39m: daikin.0 (3609) Old value deviceInfo.enHol: old=undefined, new=0
2025-09-07 19:23:15.446  - [34mdebug[39m: daikin.0 (3609) Set State deviceInfo.enHol: 0
2025-09-07 19:23:15.447  - [34mdebug[39m: daikin.0 (3609) Create State deviceInfo.enGroup
2025-09-07 19:23:15.449  - [34mdebug[39m: daikin.0 (3609) Old value deviceInfo.enGroup: old=undefined, new=1
2025-09-07 19:23:15.449  - [34mdebug[39m: daikin.0 (3609) Set State deviceInfo.enGroup: 1
2025-09-07 19:23:15.451  - [34mdebug[39m: daikin.0 (3609) Create State deviceInfo.groupName
2025-09-07 19:23:15.452  - [34mdebug[39m: daikin.0 (3609) Old value deviceInfo.groupName: old=undefined, new=Kinder
2025-09-07 19:23:15.453  - [34mdebug[39m: daikin.0 (3609) Set State deviceInfo.groupName: Kinder
2025-09-07 19:23:15.454  - [34mdebug[39m: daikin.0 (3609) Create State deviceInfo.adapterKind
2025-09-07 19:23:15.456  - [34mdebug[39m: daikin.0 (3609) Old value deviceInfo.adapterKind: old=undefined, new=2
2025-09-07 19:23:15.456  - [34mdebug[39m: daikin.0 (3609) Set State deviceInfo.adapterKind: 2
2025-09-07 19:23:15.458  - [34mdebug[39m: daikin.0 (3609) HandleDaikinUpdate for modelInfo with {"model":"NOTSUPPORT","type":"N","pv":0,"cpv":0,"mid":"NA","sFanDirection":1,"enScdltmr":1}
2025-09-07 19:23:15.458  - [34mdebug[39m: daikin.0 (3609) Create Channel modelInfo
2025-09-07 19:23:15.460  - [34mdebug[39m: daikin.0 (3609) Create State modelInfo.model
2025-09-07 19:23:15.461  - [34mdebug[39m: daikin.0 (3609) Old value modelInfo.model: old=undefined, new=NOTSUPPORT
2025-09-07 19:23:15.461  - [34mdebug[39m: daikin.0 (3609) Set State modelInfo.model: NOTSUPPORT
2025-09-07 19:23:15.463  - [34mdebug[39m: daikin.0 (3609) Create State modelInfo.type
2025-09-07 19:23:15.465  - [34mdebug[39m: daikin.0 (3609) Old value modelInfo.type: old=undefined, new=N
2025-09-07 19:23:15.465  - [34mdebug[39m: daikin.0 (3609) Set State modelInfo.type: N
2025-09-07 19:23:15.467  - [34mdebug[39m: daikin.0 (3609) Create State modelInfo.pv
2025-09-07 19:23:15.468  - [34mdebug[39m: daikin.0 (3609) Old value modelInfo.pv: old=undefined, new=0
2025-09-07 19:23:15.468  - [34mdebug[39m: daikin.0 (3609) Set State modelInfo.pv: 0
2025-09-07 19:23:15.470  - [34mdebug[39m: daikin.0 (3609) Create State modelInfo.cpv
2025-09-07 19:23:15.471  - [34mdebug[39m: daikin.0 (3609) Old value modelInfo.cpv: old=undefined, new=0
2025-09-07 19:23:15.471  - [34mdebug[39m: daikin.0 (3609) Set State modelInfo.cpv: 0
2025-09-07 19:23:15.473  - [34mdebug[39m: daikin.0 (3609) Create State modelInfo.mid
2025-09-07 19:23:15.475  - [34mdebug[39m: daikin.0 (3609) Old value modelInfo.mid: old=undefined, new=NA
2025-09-07 19:23:15.475  - [34mdebug[39m: daikin.0 (3609) Set State modelInfo.mid: NA
2025-09-07 19:23:15.477  - [34mdebug[39m: daikin.0 (3609) Create State modelInfo.sFanDirection
2025-09-07 19:23:15.478  - [34mdebug[39m: daikin.0 (3609) Old value modelInfo.sFanDirection: old=undefined, new=1
2025-09-07 19:23:15.479  - [34mdebug[39m: daikin.0 (3609) Set State modelInfo.sFanDirection: 1
2025-09-07 19:23:15.480  - [34mdebug[39m: daikin.0 (3609) Create State modelInfo.enScdltmr
2025-09-07 19:23:15.482  - [34mdebug[39m: daikin.0 (3609) Old value modelInfo.enScdltmr: old=undefined, new=1
2025-09-07 19:23:15.482  - [34mdebug[39m: daikin.0 (3609) Set State modelInfo.enScdltmr: 1
2025-09-07 19:23:15.484  - [34mdebug[39m: daikin.0 (3609) HandleDaikinUpdate for control with {"power":false,"mode":2,"targetTemperature":23,"targetHumidity":0,"fanRate":"A","fanDirection":0,"specialPowerful":true,"specialEcono":false,"specialStreamer":true}
2025-09-07 19:23:15.484  - [34mdebug[39m: daikin.0 (3609) Create Channel control
2025-09-07 19:23:15.486  - [34mdebug[39m: daikin.0 (3609) Create State control.power
2025-09-07 19:23:15.487  - [34mdebug[39m: daikin.0 (3609) Old value control.power: old=undefined, new=false
2025-09-07 19:23:15.488  - [34mdebug[39m: daikin.0 (3609) Set State control.power: false
2025-09-07 19:23:15.490  - [34mdebug[39m: daikin.0 (3609) Create State control.mode
2025-09-07 19:23:15.492  - [34mdebug[39m: daikin.0 (3609) Old value control.mode: old=undefined, new=2
2025-09-07 19:23:15.492  - [34mdebug[39m: daikin.0 (3609) Set State control.mode: 2
2025-09-07 19:23:15.494  - [34mdebug[39m: daikin.0 (3609) Create State control.targetTemperature
2025-09-07 19:23:15.496  - [34mdebug[39m: daikin.0 (3609) Old value control.targetTemperature: old=undefined, new=23
2025-09-07 19:23:15.496  - [34mdebug[39m: daikin.0 (3609) Set State control.targetTemperature: 23
2025-09-07 19:23:15.500  - [34mdebug[39m: daikin.0 (3609) Create State control.targetHumidity
2025-09-07 19:23:15.502  - [34mdebug[39m: daikin.0 (3609) Old value control.targetHumidity: old=undefined, new=0
2025-09-07 19:23:15.502  - [34mdebug[39m: daikin.0 (3609) Set State control.targetHumidity: 0
2025-09-07 19:23:15.504  - [34mdebug[39m: daikin.0 (3609) Create State control.fanRate
2025-09-07 19:23:15.505  - [34mdebug[39m: daikin.0 (3609) Old value control.fanRate: old=undefined, new=A
2025-09-07 19:23:15.505  - [34mdebug[39m: daikin.0 (3609) Set State control.fanRate: A
2025-09-07 19:23:15.507  - [34mdebug[39m: daikin.0 (3609) Create State control.fanDirection
2025-09-07 19:23:15.509  - [34mdebug[39m: daikin.0 (3609) Old value control.fanDirection: old=undefined, new=0
2025-09-07 19:23:15.509  - [34mdebug[39m: daikin.0 (3609) Set State control.fanDirection: 0
2025-09-07 19:23:15.511  - [34mdebug[39m: daikin.0 (3609) Create State control.specialPowerful
2025-09-07 19:23:15.513  - [34mdebug[39m: daikin.0 (3609) Old value control.specialPowerful: old=undefined, new=true
2025-09-07 19:23:15.513  - [34mdebug[39m: daikin.0 (3609) Set State control.specialPowerful: true
2025-09-07 19:23:15.515  - [34mdebug[39m: daikin.0 (3609) Create State control.specialEcono
2025-09-07 19:23:15.517  - [34mdebug[39m: daikin.0 (3609) Old value control.specialEcono: old=undefined, new=false
2025-09-07 19:23:15.517  - [34mdebug[39m: daikin.0 (3609) Set State control.specialEcono: false
2025-09-07 19:23:15.519  - [34mdebug[39m: daikin.0 (3609) Create State control.specialStreamer
2025-09-07 19:23:15.521  - [34mdebug[39m: daikin.0 (3609) Old value control.specialStreamer: old=undefined, new=true
2025-09-07 19:23:15.521  - [34mdebug[39m: daikin.0 (3609) Set State control.specialStreamer: true
2025-09-07 19:23:15.523  - [34mdebug[39m: daikin.0 (3609) HandleDaikinUpdate for controlInfo with {"specialMode":"2/13","targetTemperatureMode1":25,"targetTemperatureMode2":"M","targetTemperatureMode3":23,"targetTemperatureMode4":27,"targetTemperatureMode5":27,"targetTemperatureMode7":25,"targetHumidityMode1":"AUTO","targetHumidityMode2":50,"targetHumidityMode3":0,"targetHumidityMode4":0,"targetHumidityMode5":0,"targetHumidityMode7":"AUTO","targetHumidityModeH":50,"fanRateMode1":5,"fanRateMode2":5,"fanRateMode3":"A","fanRateMode4":5,"fanRateMode5":5,"fanRateMode6":5,"fanRateMode7":5,"fanRateModeH":5,"fanDirectionMode1":0,"fanDirectionMode2":0,"fanDirectionMode3":0,"fanDirectionMode4":0,"fanDirectionMode5":0,"fanDirectionMode6":0,"fanDirectionMode7":0,"fanDirectionModeH":0,"modeB":3,"targetTemperatureB":23,"targetHumidityB":0,"fanRateB":"A","fanDirectionB":0,"error":255}
2025-09-07 19:23:15.523  - [34mdebug[39m: daikin.0 (3609) Create Channel controlInfo
2025-09-07 19:23:15.524  - [34mdebug[39m: daikin.0 (3609) Create State controlInfo.specialMode
2025-09-07 19:23:15.526  - [34mdebug[39m: daikin.0 (3609) Old value controlInfo.specialMode: old=undefined, new=2/13
2025-09-07 19:23:15.526  - [34mdebug[39m: daikin.0 (3609) Set State controlInfo.specialMode: 2/13
2025-09-07 19:23:15.528  - [34mdebug[39m: daikin.0 (3609) Create State controlInfo.targetTemperatureMode1
2025-09-07 19:23:15.529  - [34mdebug[39m: daikin.0 (3609) Old value controlInfo.targetTemperatureMode1: old=undefined, new=25
2025-09-07 19:23:15.529  - [34mdebug[39m: daikin.0 (3609) Set State controlInfo.targetTemperatureMode1: 25
2025-09-07 19:23:15.531  - [34mdebug[39m: daikin.0 (3609) Create State controlInfo.targetTemperatureMode2
2025-09-07 19:23:15.532  - [34mdebug[39m: daikin.0 (3609) Field type mismatch for targetTemperatureMode2: val=M vs. number - set null
2025-09-07 19:23:15.532  - [34mdebug[39m: daikin.0 (3609) Old value controlInfo.targetTemperatureMode2: old=undefined, new=null
2025-09-07 19:23:15.533  - [34mdebug[39m: daikin.0 (3609) Set State controlInfo.targetTemperatureMode2: null
2025-09-07 19:23:15.534  - [34mdebug[39m: daikin.0 (3609) Create State controlInfo.targetTemperatureMode3
2025-09-07 19:23:15.536  - [34mdebug[39m: daikin.0 (3609) Old value controlInfo.targetTemperatureMode3: old=undefined, new=23
2025-09-07 19:23:15.536  - [34mdebug[39m: daikin.0 (3609) Set State controlInfo.targetTemperatureMode3: 23
2025-09-07 19:23:15.538  - [34mdebug[39m: daikin.0 (3609) Create State controlInfo.targetTemperatureMode4
2025-09-07 19:23:15.539  - [34mdebug[39m: daikin.0 (3609) Old value controlInfo.targetTemperatureMode4: old=undefined, new=27
2025-09-07 19:23:15.540  - [34mdebug[39m: daikin.0 (3609) Set State controlInfo.targetTemperatureMode4: 27
2025-09-07 19:23:15.541  - [34mdebug[39m: daikin.0 (3609) Create State controlInfo.targetTemperatureMode5
2025-09-07 19:23:15.543  - [34mdebug[39m: daikin.0 (3609) Old value controlInfo.targetTemperatureMode5: old=undefined, new=27
2025-09-07 19:23:15.543  - [34mdebug[39m: daikin.0 (3609) Set State controlInfo.targetTemperatureMode5: 27
2025-09-07 19:23:15.545  - [34mdebug[39m: daikin.0 (3609) Create State controlInfo.targetTemperatureMode7
2025-09-07 19:23:15.546  - [34mdebug[39m: daikin.0 (3609) Old value controlInfo.targetTemperatureMode7: old=undefined, new=25
2025-09-07 19:23:15.546  - [34mdebug[39m: daikin.0 (3609) Set State controlInfo.targetTemperatureMode7: 25
2025-09-07 19:23:15.548  - [34mdebug[39m: daikin.0 (3609) Create State controlInfo.targetHumidityMode1
2025-09-07 19:23:15.549  - [34mdebug[39m: daikin.0 (3609) Field type mismatch for targetHumidityMode1: val=AUTO vs. number - set null
2025-09-07 19:23:15.549  - [34mdebug[39m: daikin.0 (3609) Old value controlInfo.targetHumidityMode1: old=undefined, new=null
2025-09-07 19:23:15.549  - [34mdebug[39m: daikin.0 (3609) Set State controlInfo.targetHumidityMode1: null
2025-09-07 19:23:15.551  - [34mdebug[39m: daikin.0 (3609) Create State controlInfo.targetHumidityMode2
2025-09-07 19:23:15.552  - [34mdebug[39m: daikin.0 (3609) Old value controlInfo.targetHumidityMode2: old=undefined, new=50
2025-09-07 19:23:15.553  - [34mdebug[39m: daikin.0 (3609) Set State controlInfo.targetHumidityMode2: 50
2025-09-07 19:23:15.554  - [34mdebug[39m: daikin.0 (3609) Create State controlInfo.targetHumidityMode3
2025-09-07 19:23:15.555  - [34mdebug[39m: daikin.0 (3609) Old value controlInfo.targetHumidityMode3: old=undefined, new=0
2025-09-07 19:23:15.556  - [34mdebug[39m: daikin.0 (3609) Set State controlInfo.targetHumidityMode3: 0
2025-09-07 19:23:15.557  - [34mdebug[39m: daikin.0 (3609) Create State controlInfo.targetHumidityMode4
2025-09-07 19:23:15.559  - [34mdebug[39m: daikin.0 (3609) Old value controlInfo.targetHumidityMode4: old=undefined, new=0
2025-09-07 19:23:15.559  - [34mdebug[39m: daikin.0 (3609) Set State controlInfo.targetHumidityMode4: 0
2025-09-07 19:23:15.560  - [34mdebug[39m: daikin.0 (3609) Create State controlInfo.targetHumidityMode5
2025-09-07 19:23:15.562  - [34mdebug[39m: daikin.0 (3609) Old value controlInfo.targetHumidityMode5: old=undefined, new=0
2025-09-07 19:23:15.562  - [34mdebug[39m: daikin.0 (3609) Set State controlInfo.targetHumidityMode5: 0
2025-09-07 19:23:15.563  - [34mdebug[39m: daikin.0 (3609) Create State controlInfo.targetHumidityMode7
2025-09-07 19:23:15.565  - [34mdebug[39m: daikin.0 (3609) Field type mismatch for targetHumidityMode7: val=AUTO vs. number - set null
2025-09-07 19:23:15.565  - [34mdebug[39m: daikin.0 (3609) Old value controlInfo.targetHumidityMode7: old=undefined, new=null
2025-09-07 19:23:15.565  - [34mdebug[39m: daikin.0 (3609) Set State controlInfo.targetHumidityMode7: null
2025-09-07 19:23:15.567  - [34mdebug[39m: daikin.0 (3609) Create State controlInfo.targetHumidityModeH
2025-09-07 19:23:15.568  - [34mdebug[39m: daikin.0 (3609) Old value controlInfo.targetHumidityModeH: old=undefined, new=50
2025-09-07 19:23:15.568  - [34mdebug[39m: daikin.0 (3609) Set State controlInfo.targetHumidityModeH: 50
2025-09-07 19:23:15.570  - [34mdebug[39m: daikin.0 (3609) Create State controlInfo.fanRateMode1
2025-09-07 19:23:15.571  - [34mdebug[39m: daikin.0 (3609) Old value controlInfo.fanRateMode1: old=undefined, new=5
2025-09-07 19:23:15.572  - [34mdebug[39m: daikin.0 (3609) Set State controlInfo.fanRateMode1: 5
2025-09-07 19:23:15.573  - [34mdebug[39m: daikin.0 (3609) Create State controlInfo.fanRateMode2
2025-09-07 19:23:15.575  - [34mdebug[39m: daikin.0 (3609) Old value controlInfo.fanRateMode2: old=undefined, new=5
2025-09-07 19:23:15.575  - [34mdebug[39m: daikin.0 (3609) Set State controlInfo.fanRateMode2: 5
2025-09-07 19:23:15.576  - [34mdebug[39m: daikin.0 (3609) Create State controlInfo.fanRateMode3
2025-09-07 19:23:15.578  - [34mdebug[39m: daikin.0 (3609) Old value controlInfo.fanRateMode3: old=undefined, new=A
2025-09-07 19:23:15.578  - [34mdebug[39m: daikin.0 (3609) Set State controlInfo.fanRateMode3: A
2025-09-07 19:23:15.579  - [34mdebug[39m: daikin.0 (3609) Create State controlInfo.fanRateMode4
2025-09-07 19:23:15.581  - [34mdebug[39m: daikin.0 (3609) Old value controlInfo.fanRateMode4: old=undefined, new=5
2025-09-07 19:23:15.581  - [34mdebug[39m: daikin.0 (3609) Set State controlInfo.fanRateMode4: 5
2025-09-07 19:23:15.582  - [34mdebug[39m: daikin.0 (3609) Create State controlInfo.fanRateMode5
2025-09-07 19:23:15.584  - [34mdebug[39m: daikin.0 (3609) Old value controlInfo.fanRateMode5: old=undefined, new=5
2025-09-07 19:23:15.584  - [34mdebug[39m: daikin.0 (3609) Set State controlInfo.fanRateMode5: 5
2025-09-07 19:23:15.586  - [34mdebug[39m: daikin.0 (3609) Create State controlInfo.fanRateMode6
2025-09-07 19:23:15.587  - [34mdebug[39m: daikin.0 (3609) Old value controlInfo.fanRateMode6: old=undefined, new=5
2025-09-07 19:23:15.587  - [34mdebug[39m: daikin.0 (3609) Set State controlInfo.fanRateMode6: 5
2025-09-07 19:23:15.589  - [34mdebug[39m: daikin.0 (3609) Create State controlInfo.fanRateMode7
2025-09-07 19:23:15.591  - [34mdebug[39m: daikin.0 (3609) Old value controlInfo.fanRateMode7: old=undefined, new=5
2025-09-07 19:23:15.591  - [34mdebug[39m: daikin.0 (3609) Set State controlInfo.fanRateMode7: 5
2025-09-07 19:23:15.593  - [34mdebug[39m: daikin.0 (3609) Create State controlInfo.fanRateModeH
2025-09-07 19:23:15.594  - [34mdebug[39m: daikin.0 (3609) Old value controlInfo.fanRateModeH: old=undefined, new=5
2025-09-07 19:23:15.594  - [34mdebug[39m: daikin.0 (3609) Set State controlInfo.fanRateModeH: 5
2025-09-07 19:23:15.596  - [34mdebug[39m: daikin.0 (3609) Create State controlInfo.fanDirectionMode1
2025-09-07 19:23:15.598  - [34mdebug[39m: daikin.0 (3609) Old value controlInfo.fanDirectionMode1: old=undefined, new=0
2025-09-07 19:23:15.598  - [34mdebug[39m: daikin.0 (3609) Set State controlInfo.fanDirectionMode1: 0
2025-09-07 19:23:15.599  - [34mdebug[39m: daikin.0 (3609) Create State controlInfo.fanDirectionMode2
2025-09-07 19:23:15.601  - [34mdebug[39m: daikin.0 (3609) Old value controlInfo.fanDirectionMode2: old=undefined, new=0
2025-09-07 19:23:15.601  - [34mdebug[39m: daikin.0 (3609) Set State controlInfo.fanDirectionMode2: 0
2025-09-07 19:23:15.603  - [34mdebug[39m: daikin.0 (3609) Create State controlInfo.fanDirectionMode3
2025-09-07 19:23:15.604  - [34mdebug[39m: daikin.0 (3609) Old value controlInfo.fanDirectionMode3: old=undefined, new=0
2025-09-07 19:23:15.604  - [34mdebug[39m: daikin.0 (3609) Set State controlInfo.fanDirectionMode3: 0
2025-09-07 19:23:15.606  - [34mdebug[39m: daikin.0 (3609) Create State controlInfo.fanDirectionMode4
2025-09-07 19:23:15.607  - [34mdebug[39m: daikin.0 (3609) Old value controlInfo.fanDirectionMode4: old=undefined, new=0
2025-09-07 19:23:15.607  - [34mdebug[39m: daikin.0 (3609) Set State controlInfo.fanDirectionMode4: 0
2025-09-07 19:23:15.609  - [34mdebug[39m: daikin.0 (3609) Create State controlInfo.fanDirectionMode5
2025-09-07 19:23:15.610  - [34mdebug[39m: daikin.0 (3609) Old value controlInfo.fanDirectionMode5: old=undefined, new=0
2025-09-07 19:23:15.610  - [34mdebug[39m: daikin.0 (3609) Set State controlInfo.fanDirectionMode5: 0
2025-09-07 19:23:15.612  - [34mdebug[39m: daikin.0 (3609) Create State controlInfo.fanDirectionMode6
2025-09-07 19:23:15.613  - [34mdebug[39m: daikin.0 (3609) Old value controlInfo.fanDirectionMode6: old=undefined, new=0
2025-09-07 19:23:15.613  - [34mdebug[39m: daikin.0 (3609) Set State controlInfo.fanDirectionMode6: 0
2025-09-07 19:23:15.614  - [34mdebug[39m: daikin.0 (3609) Create State controlInfo.fanDirectionMode7
2025-09-07 19:23:15.616  - [34mdebug[39m: daikin.0 (3609) Old value controlInfo.fanDirectionMode7: old=undefined, new=0
2025-09-07 19:23:15.616  - [34mdebug[39m: daikin.0 (3609) Set State controlInfo.fanDirectionMode7: 0
2025-09-07 19:23:15.617  - [34mdebug[39m: daikin.0 (3609) Create State controlInfo.fanDirectionModeH
2025-09-07 19:23:15.619  - [34mdebug[39m: daikin.0 (3609) Old value controlInfo.fanDirectionModeH: old=undefined, new=0
2025-09-07 19:23:15.619  - [34mdebug[39m: daikin.0 (3609) Set State controlInfo.fanDirectionModeH: 0
2025-09-07 19:23:15.621  - [34mdebug[39m: daikin.0 (3609) Create State controlInfo.modeB
2025-09-07 19:23:15.622  - [34mdebug[39m: daikin.0 (3609) Old value controlInfo.modeB: old=undefined, new=3
2025-09-07 19:23:15.622  - [34mdebug[39m: daikin.0 (3609) Set State controlInfo.modeB: 3
2025-09-07 19:23:15.624  - [34mdebug[39m: daikin.0 (3609) Create State controlInfo.targetTemperatureB
2025-09-07 19:23:15.625  - [34mdebug[39m: daikin.0 (3609) Old value controlInfo.targetTemperatureB: old=undefined, new=23
2025-09-07 19:23:15.625  - [34mdebug[39m: daikin.0 (3609) Set State controlInfo.targetTemperatureB: 23
2025-09-07 19:23:15.627  - [34mdebug[39m: daikin.0 (3609) Create State controlInfo.targetHumidityB
2025-09-07 19:23:15.628  - [34mdebug[39m: daikin.0 (3609) Old value controlInfo.targetHumidityB: old=undefined, new=0
2025-09-07 19:23:15.628  - [34mdebug[39m: daikin.0 (3609) Set State controlInfo.targetHumidityB: 0
2025-09-07 19:23:15.630  - [34mdebug[39m: daikin.0 (3609) Create State controlInfo.fanRateB
2025-09-07 19:23:15.631  - [34mdebug[39m: daikin.0 (3609) Old value controlInfo.fanRateB: old=undefined, new=A
2025-09-07 19:23:15.631  - [34mdebug[39m: daikin.0 (3609) Set State controlInfo.fanRateB: A
2025-09-07 19:23:15.633  - [34mdebug[39m: daikin.0 (3609) Create State controlInfo.fanDirectionB
2025-09-07 19:23:15.634  - [34mdebug[39m: daikin.0 (3609) Old value controlInfo.fanDirectionB: old=undefined, new=0
2025-09-07 19:23:15.634  - [34mdebug[39m: daikin.0 (3609) Set State controlInfo.fanDirectionB: 0
2025-09-07 19:23:15.636  - [34mdebug[39m: daikin.0 (3609) Create State controlInfo.error
2025-09-07 19:23:15.637  - [34mdebug[39m: daikin.0 (3609) Old value controlInfo.error: old=undefined, new=255
2025-09-07 19:23:15.637  - [34mdebug[39m: daikin.0 (3609) Set State controlInfo.error: 255
2025-09-07 19:23:15.639  - [34mdebug[39m: daikin.0 (3609) HandleDaikinUpdate for sensorInfo with {"indoorTemperature":23.5,"indoorHumidity":null,"outdoorTemperature":null,"error":0,"cmpfreq":0}
2025-09-07 19:23:15.639  - [34mdebug[39m: daikin.0 (3609) Create Channel sensorInfo
2025-09-07 19:23:15.640  - [34mdebug[39m: daikin.0 (3609) Create State sensorInfo.indoorTemperature
2025-09-07 19:23:15.642  - [34mdebug[39m: daikin.0 (3609) Old value sensorInfo.indoorTemperature: old=undefined, new=23.5
2025-09-07 19:23:15.642  - [34mdebug[39m: daikin.0 (3609) Set State sensorInfo.indoorTemperature: 23.5
2025-09-07 19:23:15.643  - [34mdebug[39m: daikin.0 (3609) Create State sensorInfo.indoorHumidity
2025-09-07 19:23:15.645  - [34mdebug[39m: daikin.0 (3609) Old value sensorInfo.indoorHumidity: old=undefined, new=null
2025-09-07 19:23:15.645  - [34mdebug[39m: daikin.0 (3609) Set State sensorInfo.indoorHumidity: null
2025-09-07 19:23:15.646  - [34mdebug[39m: daikin.0 (3609) Create State sensorInfo.outdoorTemperature
2025-09-07 19:23:15.647  - [34mdebug[39m: daikin.0 (3609) Old value sensorInfo.outdoorTemperature: old=undefined, new=null
2025-09-07 19:23:15.648  - [34mdebug[39m: daikin.0 (3609) Set State sensorInfo.outdoorTemperature: null
2025-09-07 19:23:15.649  - [34mdebug[39m: daikin.0 (3609) Create State sensorInfo.error
2025-09-07 19:23:15.650  - [34mdebug[39m: daikin.0 (3609) Old value sensorInfo.error: old=undefined, new=0
2025-09-07 19:23:15.650  - [34mdebug[39m: daikin.0 (3609) Set State sensorInfo.error: 0
2025-09-07 19:23:15.652  - [34mdebug[39m: daikin.0 (3609) Create State sensorInfo.cmpfreq
2025-09-07 19:23:15.653  - [34mdebug[39m: daikin.0 (3609) Old value sensorInfo.cmpfreq: old=undefined, new=0
2025-09-07 19:23:15.653  - [34mdebug[39m: daikin.0 (3609) Set State sensorInfo.cmpfreq: 0
2025-09-07 19:23:15.655  - [32minfo[39m: daikin.0 (3609) 81 Values updated: {"deviceInfo":24,"modelInfo":7,"control":9,"controlInfo":36,"sensorInfo":5}
2025-09-07 19:24:15.328  - [34mdebug[39m: daikin.0 (3609) clear update timeout
2025-09-07 19:24:15.329  - [34mdebug[39m: daikin.0 (3609) Call GET http://127.0.0.1:8080/aircon/get_control_info with {}
2025-09-07 19:24:15.331  - [34mdebug[39m: daikin.0 (3609) null
2025-09-07 19:24:15.332  - [34mdebug[39m: daikin.0 (3609) start update timeout
2025-09-07 19:24:15.332  - [31merror[39m: daikin.0 (3609) Error updating data: Wrong Parameters in request: ret=PARAM NG
Request Parameters: {}
2025-09-07 19:24:15.375  - [34mdebug[39m: daikin.0 (3609) connected set to false
